0 info it worked if it ends with ok
1 verbose cli [ '/usr/bin/nodejs', '/usr/bin/npm', 'run', 'api', '--verbose' ]
2 info using npm@3.10.10
3 info using node@v6.9.5
4 verbose run-script [ 'preapi', 'api', 'postapi' ]
5 info lifecycle planning@1.0.0~preapi: planning@1.0.0
6 silly lifecycle planning@1.0.0~preapi: no script for preapi, continuing
7 info lifecycle planning@1.0.0~api: planning@1.0.0
8 verbose lifecycle planning@1.0.0~api: unsafe-perm in lifecycle true
9 verbose lifecycle planning@1.0.0~api: PATH: /usr/lib/node_modules/npm/bin/node-gyp-bin:/home/john/git/elm/elmLearning/planning/node_modules/.bin:/home/john/bin:/home/john/.local/bin:/usr/local/sbin:/usr/local/bin:/usr/sbin:/usr/bin:/sbin:/bin:/usr/games:/usr/local/games:/snap/bin
10 verbose lifecycle planning@1.0.0~api: CWD: /home/john/git/elm/elmLearning/planning
11 silly lifecycle planning@1.0.0~api: Args: [ '-c', 'node api.js' ]
12 silly lifecycle planning@1.0.0~api: Returned: code: 1  signal: null
13 info lifecycle planning@1.0.0~api: Failed to exec api script
14 verbose stack Error: planning@1.0.0 api: `node api.js`
14 verbose stack Exit status 1
14 verbose stack     at EventEmitter.<anonymous> (/usr/lib/node_modules/npm/lib/utils/lifecycle.js:255:16)
14 verbose stack     at emitTwo (events.js:106:13)
14 verbose stack     at EventEmitter.emit (events.js:191:7)
14 verbose stack     at ChildProcess.<anonymous> (/usr/lib/node_modules/npm/lib/utils/spawn.js:40:14)
14 verbose stack     at emitTwo (events.js:106:13)
14 verbose stack     at ChildProcess.emit (events.js:191:7)
14 verbose stack     at maybeClose (internal/child_process.js:877:16)
14 verbose stack     at Process.ChildProcess._handle.onexit (internal/child_process.js:226:5)
15 verbose pkgid planning@1.0.0
16 verbose cwd /home/john/git/elm/elmLearning/planning
17 error Linux 4.4.0-62-generic
18 error argv "/usr/bin/nodejs" "/usr/bin/npm" "run" "api" "--verbose"
19 error node v6.9.5
20 error npm  v3.10.10
21 error code ELIFECYCLE
22 error planning@1.0.0 api: `node api.js`
22 error Exit status 1
23 error Failed at the planning@1.0.0 api script 'node api.js'.
23 error Make sure you have the latest version of node.js and npm installed.
23 error If you do, this is most likely a problem with the planning package,
23 error not with npm itself.
23 error Tell the author that this fails on your system:
23 error     node api.js
23 error You can get information on how to open an issue for this project with:
23 error     npm bugs planning
23 error Or if that isn't available, you can get their info via:
23 error     npm owner ls planning
23 error There is likely additional logging output above.
24 verbose exit [ 1, true ]
